  Draw.cpp
  Engine.cpp
C:\VS Projects\TWL\Engine.cpp(7,44): warning C4244: '=': conversion from 'unsigned int' to 'T', possible loss of data
          with
          [
              T=float
          ]
C:\VS Projects\TWL\Engine.cpp(8,44): warning C4244: '=': conversion from 'unsigned int' to 'T', possible loss of data
          with
          [
              T=float
          ]
C:\VS Projects\TWL\Engine.cpp(10,52): warning C4244: 'argument': conversion from 'T' to 'unsigned int', possible loss of data
          with
          [
              T=float
          ]
C:\VS Projects\TWL\Engine.cpp(10,38): warning C4244: 'argument': conversion from 'T' to 'unsigned int', possible loss of data
          with
          [
              T=float
          ]
  Input.cpp
  TextureHolder.cpp
  Main.cpp
  Update.cpp
C:\Program Files\Microsoft Visual Studio\2022\Community\MSBuild\Microsoft\VC\v170\Microsoft.CppCommon.targets(1134,5): error MSB6006: "link.exe" exited with code 1104.
LINK : fatal error LNK1104: cannot open file '.'
